2016/01/16 16:06:21 [error] [php] date(): It is not safe to rely on the system's timezone settings. You are *required* to use the date.timezone setting or the date_default_timezone_set() function. In case you used any of those methods and you are still getting this warning, you most likely misspelled the timezone identifier. We selected 'Asia/Chongqing' for 'CST/8.0/no DST' instead (/data/wwwroot/uber/protected/views/layouts/main.php:51)
Stack trace:
#0 /data/wwwroot/yii/framework/web/CBaseController.php(95): SiteController->renderInternal()
#1 /data/wwwroot/yii/framework/web/widgets/CContentDecorator.php(76): SiteController->renderFile()
#2 /data/wwwroot/yii/framework/web/widgets/CContentDecorator.php(54): CContentDecorator->decorate()
#3 /data/wwwroot/yii/framework/web/widgets/COutputProcessor.php(44): CContentDecorator->processOutput()
#4 /data/wwwroot/yii/framework/web/CBaseController.php(214): CContentDecorator->run()
#5 /data/wwwroot/yii/framework/web/CBaseController.php(308): SiteController->endWidget()
#6 /data/wwwroot/uber/protected/views/layouts/column1.php(6): SiteController->endContent()
#7 /data/wwwroot/yii/framework/web/CBaseController.php(126): require()
#8 /data/wwwroot/yii/framework/web/CBaseController.php(95): SiteController->renderInternal()
#9 /data/wwwroot/yii/framework/web/CController.php(784): SiteController->renderFile()
#10 /data/wwwroot/uber/protected/controllers/SiteController.php(32): SiteController->render()
#11 /data/wwwroot/yii/framework/web/actions/CInlineAction.php(49): SiteController->actionIndex()
#12 /data/wwwroot/yii/framework/web/CController.php(308): CInlineAction->runWithParams()
#13 /data/wwwroot/yii/framework/web/CController.php(286): SiteController->runAction()
#14 /data/wwwroot/yii/framework/web/CController.php(265): SiteController->runActionWithFilters()
#15 /data/wwwroot/yii/framework/web/CWebApplication.php(282): SiteController->run()
#16 /data/wwwroot/yii/framework/web/CWebApplication.php(141): CWebApplication->runController()
#17 /data/wwwroot/yii/framework/base/CApplication.php(185): CWebApplication->processRequest()
#18 /data/wwwroot/uber/index.php(13): CWebApplication->run()
REQUEST_URI=/
in /data/wwwroot/uber/protected/views/layouts/main.php (51)
in /data/wwwroot/uber/protected/views/layouts/column1.php (6)
in /data/wwwroot/uber/protected/controllers/SiteController.php (32)
2016/01/16 16:06:22 [error] [php] date(): It is not safe to rely on the system's timezone settings. You are *required* to use the date.timezone setting or the date_default_timezone_set() function. In case you used any of those methods and you are still getting this warning, you most likely misspelled the timezone identifier. We selected 'Asia/Chongqing' for 'CST/8.0/no DST' instead (/data/wwwroot/uber/protected/views/layouts/main.php:51)
Stack trace:
#0 /data/wwwroot/yii/framework/web/CBaseController.php(95): SiteController->renderInternal()
#1 /data/wwwroot/yii/framework/web/widgets/CContentDecorator.php(76): SiteController->renderFile()
#2 /data/wwwroot/yii/framework/web/widgets/CContentDecorator.php(54): CContentDecorator->decorate()
#3 /data/wwwroot/yii/framework/web/widgets/COutputProcessor.php(44): CContentDecorator->processOutput()
#4 /data/wwwroot/yii/framework/web/CBaseController.php(214): CContentDecorator->run()
#5 /data/wwwroot/yii/framework/web/CBaseController.php(308): SiteController->endWidget()
#6 /data/wwwroot/uber/protected/views/layouts/column1.php(6): SiteController->endContent()
#7 /data/wwwroot/yii/framework/web/CBaseController.php(126): require()
#8 /data/wwwroot/yii/framework/web/CBaseController.php(95): SiteController->renderInternal()
#9 /data/wwwroot/yii/framework/web/CController.php(784): SiteController->renderFile()
#10 /data/wwwroot/uber/protected/controllers/SiteController.php(32): SiteController->render()
#11 /data/wwwroot/yii/framework/web/actions/CInlineAction.php(49): SiteController->actionIndex()
#12 /data/wwwroot/yii/framework/web/CController.php(308): CInlineAction->runWithParams()
#13 /data/wwwroot/yii/framework/web/CController.php(286): SiteController->runAction()
#14 /data/wwwroot/yii/framework/web/CController.php(265): SiteController->runActionWithFilters()
#15 /data/wwwroot/yii/framework/web/CWebApplication.php(282): SiteController->run()
#16 /data/wwwroot/yii/framework/web/CWebApplication.php(141): CWebApplication->runController()
#17 /data/wwwroot/yii/framework/base/CApplication.php(185): CWebApplication->processRequest()
#18 /data/wwwroot/uber/index.php(13): CWebApplication->run()
REQUEST_URI=/
in /data/wwwroot/uber/protected/views/layouts/main.php (51)
in /data/wwwroot/uber/protected/views/layouts/column1.php (6)
in /data/wwwroot/uber/protected/controllers/SiteController.php (32)
2016/01/16 16:06:22 [error] [php] date(): It is not safe to rely on the system's timezone settings. You are *required* to use the date.timezone setting or the date_default_timezone_set() function. In case you used any of those methods and you are still getting this warning, you most likely misspelled the timezone identifier. We selected 'Asia/Chongqing' for 'CST/8.0/no DST' instead (/data/wwwroot/uber/protected/views/layouts/main.php:51)
Stack trace:
#0 /data/wwwroot/yii/framework/web/CBaseController.php(95): SiteController->renderInternal()
#1 /data/wwwroot/yii/framework/web/widgets/CContentDecorator.php(76): SiteController->renderFile()
#2 /data/wwwroot/yii/framework/web/widgets/CContentDecorator.php(54): CContentDecorator->decorate()
#3 /data/wwwroot/yii/framework/web/widgets/COutputProcessor.php(44): CContentDecorator->processOutput()
#4 /data/wwwroot/yii/framework/web/CBaseController.php(214): CContentDecorator->run()
#5 /data/wwwroot/yii/framework/web/CBaseController.php(308): SiteController->endWidget()
#6 /data/wwwroot/uber/protected/views/layouts/column1.php(6): SiteController->endContent()
#7 /data/wwwroot/yii/framework/web/CBaseController.php(126): require()
#8 /data/wwwroot/yii/framework/web/CBaseController.php(95): SiteController->renderInternal()
#9 /data/wwwroot/yii/framework/web/CController.php(784): SiteController->renderFile()
#10 /data/wwwroot/uber/protected/controllers/SiteController.php(32): SiteController->render()
#11 /data/wwwroot/yii/framework/web/actions/CInlineAction.php(49): SiteController->actionIndex()
#12 /data/wwwroot/yii/framework/web/CController.php(308): CInlineAction->runWithParams()
#13 /data/wwwroot/yii/framework/web/CController.php(286): SiteController->runAction()
#14 /data/wwwroot/yii/framework/web/CController.php(265): SiteController->runActionWithFilters()
#15 /data/wwwroot/yii/framework/web/CWebApplication.php(282): SiteController->run()
#16 /data/wwwroot/yii/framework/web/CWebApplication.php(141): CWebApplication->runController()
#17 /data/wwwroot/yii/framework/base/CApplication.php(185): CWebApplication->processRequest()
#18 /data/wwwroot/uber/index.php(13): CWebApplication->run()
REQUEST_URI=/
in /data/wwwroot/uber/protected/views/layouts/main.php (51)
in /data/wwwroot/uber/protected/views/layouts/column1.php (6)
in /data/wwwroot/uber/protected/controllers/SiteController.php (32)
2016/01/16 16:06:22 [error] [php] date(): It is not safe to rely on the system's timezone settings. You are *required* to use the date.timezone setting or the date_default_timezone_set() function. In case you used any of those methods and you are still getting this warning, you most likely misspelled the timezone identifier. We selected 'Asia/Chongqing' for 'CST/8.0/no DST' instead (/data/wwwroot/uber/protected/views/layouts/main.php:51)
Stack trace:
#0 /data/wwwroot/yii/framework/web/CBaseController.php(95): SiteController->renderInternal()
#1 /data/wwwroot/yii/framework/web/widgets/CContentDecorator.php(76): SiteController->renderFile()
#2 /data/wwwroot/yii/framework/web/widgets/CContentDecorator.php(54): CContentDecorator->decorate()
#3 /data/wwwroot/yii/framework/web/widgets/COutputProcessor.php(44): CContentDecorator->processOutput()
#4 /data/wwwroot/yii/framework/web/CBaseController.php(214): CContentDecorator->run()
#5 /data/wwwroot/yii/framework/web/CBaseController.php(308): SiteController->endWidget()
#6 /data/wwwroot/uber/protected/views/layouts/column1.php(6): SiteController->endContent()
#7 /data/wwwroot/yii/framework/web/CBaseController.php(126): require()
#8 /data/wwwroot/yii/framework/web/CBaseController.php(95): SiteController->renderInternal()
#9 /data/wwwroot/yii/framework/web/CController.php(784): SiteController->renderFile()
#10 /data/wwwroot/uber/protected/controllers/SiteController.php(32): SiteController->render()
#11 /data/wwwroot/yii/framework/web/actions/CInlineAction.php(49): SiteController->actionIndex()
#12 /data/wwwroot/yii/framework/web/CController.php(308): CInlineAction->runWithParams()
#13 /data/wwwroot/yii/framework/web/CController.php(286): SiteController->runAction()
#14 /data/wwwroot/yii/framework/web/CController.php(265): SiteController->runActionWithFilters()
#15 /data/wwwroot/yii/framework/web/CWebApplication.php(282): SiteController->run()
#16 /data/wwwroot/yii/framework/web/CWebApplication.php(141): CWebApplication->runController()
#17 /data/wwwroot/yii/framework/base/CApplication.php(185): CWebApplication->processRequest()
#18 /data/wwwroot/uber/index.php(13): CWebApplication->run()
REQUEST_URI=/
in /data/wwwroot/uber/protected/views/layouts/main.php (51)
in /data/wwwroot/uber/protected/views/layouts/column1.php (6)
in /data/wwwroot/uber/protected/controllers/SiteController.php (32)
2016/01/16 16:06:22 [error] [php] date(): It is not safe to rely on the system's timezone settings. You are *required* to use the date.timezone setting or the date_default_timezone_set() function. In case you used any of those methods and you are still getting this warning, you most likely misspelled the timezone identifier. We selected 'Asia/Chongqing' for 'CST/8.0/no DST' instead (/data/wwwroot/uber/protected/views/layouts/main.php:51)
Stack trace:
#0 /data/wwwroot/yii/framework/web/CBaseController.php(95): SiteController->renderInternal()
#1 /data/wwwroot/yii/framework/web/widgets/CContentDecorator.php(76): SiteController->renderFile()
#2 /data/wwwroot/yii/framework/web/widgets/CContentDecorator.php(54): CContentDecorator->decorate()
#3 /data/wwwroot/yii/framework/web/widgets/COutputProcessor.php(44): CContentDecorator->processOutput()
#4 /data/wwwroot/yii/framework/web/CBaseController.php(214): CContentDecorator->run()
#5 /data/wwwroot/yii/framework/web/CBaseController.php(308): SiteController->endWidget()
#6 /data/wwwroot/uber/protected/views/layouts/column1.php(6): SiteController->endContent()
#7 /data/wwwroot/yii/framework/web/CBaseController.php(126): require()
#8 /data/wwwroot/yii/framework/web/CBaseController.php(95): SiteController->renderInternal()
#9 /data/wwwroot/yii/framework/web/CController.php(784): SiteController->renderFile()
#10 /data/wwwroot/uber/protected/controllers/SiteController.php(32): SiteController->render()
#11 /data/wwwroot/yii/framework/web/actions/CInlineAction.php(49): SiteController->actionIndex()
#12 /data/wwwroot/yii/framework/web/CController.php(308): CInlineAction->runWithParams()
#13 /data/wwwroot/yii/framework/web/CController.php(286): SiteController->runAction()
#14 /data/wwwroot/yii/framework/web/CController.php(265): SiteController->runActionWithFilters()
#15 /data/wwwroot/yii/framework/web/CWebApplication.php(282): SiteController->run()
#16 /data/wwwroot/yii/framework/web/CWebApplication.php(141): CWebApplication->runController()
#17 /data/wwwroot/yii/framework/base/CApplication.php(185): CWebApplication->processRequest()
#18 /data/wwwroot/uber/index.php(13): CWebApplication->run()
REQUEST_URI=/
in /data/wwwroot/uber/protected/views/layouts/main.php (51)
in /data/wwwroot/uber/protected/views/layouts/column1.php (6)
in /data/wwwroot/uber/protected/controllers/SiteController.php (32)
2016/01/16 16:06:23 [error] [php] date(): It is not safe to rely on the system's timezone settings. You are *required* to use the date.timezone setting or the date_default_timezone_set() function. In case you used any of those methods and you are still getting this warning, you most likely misspelled the timezone identifier. We selected 'Asia/Chongqing' for 'CST/8.0/no DST' instead (/data/wwwroot/uber/protected/views/layouts/main.php:51)
Stack trace:
#0 /data/wwwroot/yii/framework/web/CBaseController.php(95): SiteController->renderInternal()
#1 /data/wwwroot/yii/framework/web/widgets/CContentDecorator.php(76): SiteController->renderFile()
#2 /data/wwwroot/yii/framework/web/widgets/CContentDecorator.php(54): CContentDecorator->decorate()
#3 /data/wwwroot/yii/framework/web/widgets/COutputProcessor.php(44): CContentDecorator->processOutput()
#4 /data/wwwroot/yii/framework/web/CBaseController.php(214): CContentDecorator->run()
#5 /data/wwwroot/yii/framework/web/CBaseController.php(308): SiteController->endWidget()
#6 /data/wwwroot/uber/protected/views/layouts/column1.php(6): SiteController->endContent()
#7 /data/wwwroot/yii/framework/web/CBaseController.php(126): require()
#8 /data/wwwroot/yii/framework/web/CBaseController.php(95): SiteController->renderInternal()
#9 /data/wwwroot/yii/framework/web/CController.php(784): SiteController->renderFile()
#10 /data/wwwroot/uber/protected/controllers/SiteController.php(32): SiteController->render()
#11 /data/wwwroot/yii/framework/web/actions/CInlineAction.php(49): SiteController->actionIndex()
#12 /data/wwwroot/yii/framework/web/CController.php(308): CInlineAction->runWithParams()
#13 /data/wwwroot/yii/framework/web/CController.php(286): SiteController->runAction()
#14 /data/wwwroot/yii/framework/web/CController.php(265): SiteController->runActionWithFilters()
#15 /data/wwwroot/yii/framework/web/CWebApplication.php(282): SiteController->run()
#16 /data/wwwroot/yii/framework/web/CWebApplication.php(141): CWebApplication->runController()
#17 /data/wwwroot/yii/framework/base/CApplication.php(185): CWebApplication->processRequest()
#18 /data/wwwroot/uber/index.php(13): CWebApplication->run()
REQUEST_URI=/
in /data/wwwroot/uber/protected/views/layouts/main.php (51)
in /data/wwwroot/uber/protected/views/layouts/column1.php (6)
in /data/wwwroot/uber/protected/controllers/SiteController.php (32)
2016/01/16 16:06:23 [error] [php] date(): It is not safe to rely on the system's timezone settings. You are *required* to use the date.timezone setting or the date_default_timezone_set() function. In case you used any of those methods and you are still getting this warning, you most likely misspelled the timezone identifier. We selected 'Asia/Chongqing' for 'CST/8.0/no DST' instead (/data/wwwroot/uber/protected/views/layouts/main.php:51)
Stack trace:
#0 /data/wwwroot/yii/framework/web/CBaseController.php(95): SiteController->renderInternal()
#1 /data/wwwroot/yii/framework/web/widgets/CContentDecorator.php(76): SiteController->renderFile()
#2 /data/wwwroot/yii/framework/web/widgets/CContentDecorator.php(54): CContentDecorator->decorate()
#3 /data/wwwroot/yii/framework/web/widgets/COutputProcessor.php(44): CContentDecorator->processOutput()
#4 /data/wwwroot/yii/framework/web/CBaseController.php(214): CContentDecorator->run()
#5 /data/wwwroot/yii/framework/web/CBaseController.php(308): SiteController->endWidget()
#6 /data/wwwroot/uber/protected/views/layouts/column1.php(6): SiteController->endContent()
#7 /data/wwwroot/yii/framework/web/CBaseController.php(126): require()
#8 /data/wwwroot/yii/framework/web/CBaseController.php(95): SiteController->renderInternal()
#9 /data/wwwroot/yii/framework/web/CController.php(784): SiteController->renderFile()
#10 /data/wwwroot/uber/protected/controllers/SiteController.php(32): SiteController->render()
#11 /data/wwwroot/yii/framework/web/actions/CInlineAction.php(49): SiteController->actionIndex()
#12 /data/wwwroot/yii/framework/web/CController.php(308): CInlineAction->runWithParams()
#13 /data/wwwroot/yii/framework/web/CController.php(286): SiteController->runAction()
#14 /data/wwwroot/yii/framework/web/CController.php(265): SiteController->runActionWithFilters()
#15 /data/wwwroot/yii/framework/web/CWebApplication.php(282): SiteController->run()
#16 /data/wwwroot/yii/framework/web/CWebApplication.php(141): CWebApplication->runController()
#17 /data/wwwroot/yii/framework/base/CApplication.php(185): CWebApplication->processRequest()
#18 /data/wwwroot/uber/index.php(13): CWebApplication->run()
REQUEST_URI=/
in /data/wwwroot/uber/protected/views/layouts/main.php (51)
in /data/wwwroot/uber/protected/views/layouts/column1.php (6)
in /data/wwwroot/uber/protected/controllers/SiteController.php (32)
2016/01/16 16:07:27 [error] [php] date(): It is not safe to rely on the system's timezone settings. You are *required* to use the date.timezone setting or the date_default_timezone_set() function. In case you used any of those methods and you are still getting this warning, you most likely misspelled the timezone identifier. We selected 'Asia/Chongqing' for 'CST/8.0/no DST' instead (/data/wwwroot/uber/protected/views/layouts/main.php:51)
Stack trace:
#0 /data/wwwroot/yii/framework/web/CBaseController.php(95): SiteController->renderInternal()
#1 /data/wwwroot/yii/framework/web/widgets/CContentDecorator.php(76): SiteController->renderFile()
#2 /data/wwwroot/yii/framework/web/widgets/CContentDecorator.php(54): CContentDecorator->decorate()
#3 /data/wwwroot/yii/framework/web/widgets/COutputProcessor.php(44): CContentDecorator->processOutput()
#4 /data/wwwroot/yii/framework/web/CBaseController.php(214): CContentDecorator->run()
#5 /data/wwwroot/yii/framework/web/CBaseController.php(308): SiteController->endWidget()
#6 /data/wwwroot/uber/protected/views/layouts/column1.php(6): SiteController->endContent()
#7 /data/wwwroot/yii/framework/web/CBaseController.php(126): require()
#8 /data/wwwroot/yii/framework/web/CBaseController.php(95): SiteController->renderInternal()
#9 /data/wwwroot/yii/framework/web/CController.php(784): SiteController->renderFile()
#10 /data/wwwroot/uber/protected/controllers/SiteController.php(32): SiteController->render()
#11 /data/wwwroot/yii/framework/web/actions/CInlineAction.php(49): SiteController->actionIndex()
#12 /data/wwwroot/yii/framework/web/CController.php(308): CInlineAction->runWithParams()
#13 /data/wwwroot/yii/framework/web/CController.php(286): SiteController->runAction()
#14 /data/wwwroot/yii/framework/web/CController.php(265): SiteController->runActionWithFilters()
#15 /data/wwwroot/yii/framework/web/CWebApplication.php(282): SiteController->run()
#16 /data/wwwroot/yii/framework/web/CWebApplication.php(141): CWebApplication->runController()
#17 /data/wwwroot/yii/framework/base/CApplication.php(185): CWebApplication->processRequest()
#18 /data/wwwroot/uber/index.php(13): CWebApplication->run()
REQUEST_URI=/
in /data/wwwroot/uber/protected/views/layouts/main.php (51)
in /data/wwwroot/uber/protected/views/layouts/column1.php (6)
in /data/wwwroot/uber/protected/controllers/SiteController.php (32)
2016/01/16 16:07:28 [error] [php] date(): It is not safe to rely on the system's timezone settings. You are *required* to use the date.timezone setting or the date_default_timezone_set() function. In case you used any of those methods and you are still getting this warning, you most likely misspelled the timezone identifier. We selected 'Asia/Chongqing' for 'CST/8.0/no DST' instead (/data/wwwroot/uber/protected/views/layouts/main.php:51)
Stack trace:
#0 /data/wwwroot/yii/framework/web/CBaseController.php(95): SiteController->renderInternal()
#1 /data/wwwroot/yii/framework/web/widgets/CContentDecorator.php(76): SiteController->renderFile()
#2 /data/wwwroot/yii/framework/web/widgets/CContentDecorator.php(54): CContentDecorator->decorate()
#3 /data/wwwroot/yii/framework/web/widgets/COutputProcessor.php(44): CContentDecorator->processOutput()
#4 /data/wwwroot/yii/framework/web/CBaseController.php(214): CContentDecorator->run()
#5 /data/wwwroot/yii/framework/web/CBaseController.php(308): SiteController->endWidget()
#6 /data/wwwroot/uber/protected/views/layouts/column1.php(6): SiteController->endContent()
#7 /data/wwwroot/yii/framework/web/CBaseController.php(126): require()
#8 /data/wwwroot/yii/framework/web/CBaseController.php(95): SiteController->renderInternal()
#9 /data/wwwroot/yii/framework/web/CController.php(784): SiteController->renderFile()
#10 /data/wwwroot/uber/protected/controllers/SiteController.php(32): SiteController->render()
#11 /data/wwwroot/yii/framework/web/actions/CInlineAction.php(49): SiteController->actionIndex()
#12 /data/wwwroot/yii/framework/web/CController.php(308): CInlineAction->runWithParams()
#13 /data/wwwroot/yii/framework/web/CController.php(286): SiteController->runAction()
#14 /data/wwwroot/yii/framework/web/CController.php(265): SiteController->runActionWithFilters()
#15 /data/wwwroot/yii/framework/web/CWebApplication.php(282): SiteController->run()
#16 /data/wwwroot/yii/framework/web/CWebApplication.php(141): CWebApplication->runController()
#17 /data/wwwroot/yii/framework/base/CApplication.php(185): CWebApplication->processRequest()
#18 /data/wwwroot/uber/index.php(13): CWebApplication->run()
REQUEST_URI=/
in /data/wwwroot/uber/protected/views/layouts/main.php (51)
in /data/wwwroot/uber/protected/views/layouts/column1.php (6)
in /data/wwwroot/uber/protected/controllers/SiteController.php (32)
2016/01/16 16:07:28 [error] [php] date(): It is not safe to rely on the system's timezone settings. You are *required* to use the date.timezone setting or the date_default_timezone_set() function. In case you used any of those methods and you are still getting this warning, you most likely misspelled the timezone identifier. We selected 'Asia/Chongqing' for 'CST/8.0/no DST' instead (/data/wwwroot/uber/protected/views/layouts/main.php:51)
Stack trace:
#0 /data/wwwroot/yii/framework/web/CBaseController.php(95): SiteController->renderInternal()
#1 /data/wwwroot/yii/framework/web/widgets/CContentDecorator.php(76): SiteController->renderFile()
#2 /data/wwwroot/yii/framework/web/widgets/CContentDecorator.php(54): CContentDecorator->decorate()
#3 /data/wwwroot/yii/framework/web/widgets/COutputProcessor.php(44): CContentDecorator->processOutput()
#4 /data/wwwroot/yii/framework/web/CBaseController.php(214): CContentDecorator->run()
#5 /data/wwwroot/yii/framework/web/CBaseController.php(308): SiteController->endWidget()
#6 /data/wwwroot/uber/protected/views/layouts/column1.php(6): SiteController->endContent()
#7 /data/wwwroot/yii/framework/web/CBaseController.php(126): require()
#8 /data/wwwroot/yii/framework/web/CBaseController.php(95): SiteController->renderInternal()
#9 /data/wwwroot/yii/framework/web/CController.php(784): SiteController->renderFile()
#10 /data/wwwroot/uber/protected/controllers/SiteController.php(32): SiteController->render()
#11 /data/wwwroot/yii/framework/web/actions/CInlineAction.php(49): SiteController->actionIndex()
#12 /data/wwwroot/yii/framework/web/CController.php(308): CInlineAction->runWithParams()
#13 /data/wwwroot/yii/framework/web/CController.php(286): SiteController->runAction()
#14 /data/wwwroot/yii/framework/web/CController.php(265): SiteController->runActionWithFilters()
#15 /data/wwwroot/yii/framework/web/CWebApplication.php(282): SiteController->run()
#16 /data/wwwroot/yii/framework/web/CWebApplication.php(141): CWebApplication->runController()
#17 /data/wwwroot/yii/framework/base/CApplication.php(185): CWebApplication->processRequest()
#18 /data/wwwroot/uber/index.php(13): CWebApplication->run()
REQUEST_URI=/
in /data/wwwroot/uber/protected/views/layouts/main.php (51)
in /data/wwwroot/uber/protected/views/layouts/column1.php (6)
in /data/wwwroot/uber/protected/controllers/SiteController.php (32)
2016/01/16 16:07:29 [error] [php] date(): It is not safe to rely on the system's timezone settings. You are *required* to use the date.timezone setting or the date_default_timezone_set() function. In case you used any of those methods and you are still getting this warning, you most likely misspelled the timezone identifier. We selected 'Asia/Chongqing' for 'CST/8.0/no DST' instead (/data/wwwroot/uber/protected/views/layouts/main.php:51)
Stack trace:
#0 /data/wwwroot/yii/framework/web/CBaseController.php(95): SiteController->renderInternal()
#1 /data/wwwroot/yii/framework/web/widgets/CContentDecorator.php(76): SiteController->renderFile()
#2 /data/wwwroot/yii/framework/web/widgets/CContentDecorator.php(54): CContentDecorator->decorate()
#3 /data/wwwroot/yii/framework/web/widgets/COutputProcessor.php(44): CContentDecorator->processOutput()
#4 /data/wwwroot/yii/framework/web/CBaseController.php(214): CContentDecorator->run()
#5 /data/wwwroot/yii/framework/web/CBaseController.php(308): SiteController->endWidget()
#6 /data/wwwroot/uber/protected/views/layouts/column1.php(6): SiteController->endContent()
#7 /data/wwwroot/yii/framework/web/CBaseController.php(126): require()
#8 /data/wwwroot/yii/framework/web/CBaseController.php(95): SiteController->renderInternal()
#9 /data/wwwroot/yii/framework/web/CController.php(784): SiteController->renderFile()
#10 /data/wwwroot/uber/protected/controllers/SiteController.php(32): SiteController->render()
#11 /data/wwwroot/yii/framework/web/actions/CInlineAction.php(49): SiteController->actionIndex()
#12 /data/wwwroot/yii/framework/web/CController.php(308): CInlineAction->runWithParams()
#13 /data/wwwroot/yii/framework/web/CController.php(286): SiteController->runAction()
#14 /data/wwwroot/yii/framework/web/CController.php(265): SiteController->runActionWithFilters()
#15 /data/wwwroot/yii/framework/web/CWebApplication.php(282): SiteController->run()
#16 /data/wwwroot/yii/framework/web/CWebApplication.php(141): CWebApplication->runController()
#17 /data/wwwroot/yii/framework/base/CApplication.php(185): CWebApplication->processRequest()
#18 /data/wwwroot/uber/index.php(13): CWebApplication->run()
REQUEST_URI=/
in /data/wwwroot/uber/protected/views/layouts/main.php (51)
in /data/wwwroot/uber/protected/views/layouts/column1.php (6)
in /data/wwwroot/uber/protected/controllers/SiteController.php (32)
2016/01/16 16:07:29 [error] [php] date(): It is not safe to rely on the system's timezone settings. You are *required* to use the date.timezone setting or the date_default_timezone_set() function. In case you used any of those methods and you are still getting this warning, you most likely misspelled the timezone identifier. We selected 'Asia/Chongqing' for 'CST/8.0/no DST' instead (/data/wwwroot/uber/protected/views/layouts/main.php:51)
Stack trace:
#0 /data/wwwroot/yii/framework/web/CBaseController.php(95): SiteController->renderInternal()
#1 /data/wwwroot/yii/framework/web/widgets/CContentDecorator.php(76): SiteController->renderFile()
#2 /data/wwwroot/yii/framework/web/widgets/CContentDecorator.php(54): CContentDecorator->decorate()
#3 /data/wwwroot/yii/framework/web/widgets/COutputProcessor.php(44): CContentDecorator->processOutput()
#4 /data/wwwroot/yii/framework/web/CBaseController.php(214): CContentDecorator->run()
#5 /data/wwwroot/yii/framework/web/CBaseController.php(308): SiteController->endWidget()
#6 /data/wwwroot/uber/protected/views/layouts/column1.php(6): SiteController->endContent()
#7 /data/wwwroot/yii/framework/web/CBaseController.php(126): require()
#8 /data/wwwroot/yii/framework/web/CBaseController.php(95): SiteController->renderInternal()
#9 /data/wwwroot/yii/framework/web/CController.php(784): SiteController->renderFile()
#10 /data/wwwroot/uber/protected/controllers/SiteController.php(32): SiteController->render()
#11 /data/wwwroot/yii/framework/web/actions/CInlineAction.php(49): SiteController->actionIndex()
#12 /data/wwwroot/yii/framework/web/CController.php(308): CInlineAction->runWithParams()
#13 /data/wwwroot/yii/framework/web/CController.php(286): SiteController->runAction()
#14 /data/wwwroot/yii/framework/web/CController.php(265): SiteController->runActionWithFilters()
#15 /data/wwwroot/yii/framework/web/CWebApplication.php(282): SiteController->run()
#16 /data/wwwroot/yii/framework/web/CWebApplication.php(141): CWebApplication->runController()
#17 /data/wwwroot/yii/framework/base/CApplication.php(185): CWebApplication->processRequest()
#18 /data/wwwroot/uber/index.php(13): CWebApplication->run()
REQUEST_URI=/
in /data/wwwroot/uber/protected/views/layouts/main.php (51)
in /data/wwwroot/uber/protected/views/layouts/column1.php (6)
in /data/wwwroot/uber/protected/controllers/SiteController.php (32)
2016/01/16 16:07:29 [error] [php] date(): It is not safe to rely on the system's timezone settings. You are *required* to use the date.timezone setting or the date_default_timezone_set() function. In case you used any of those methods and you are still getting this warning, you most likely misspelled the timezone identifier. We selected 'Asia/Chongqing' for 'CST/8.0/no DST' instead (/data/wwwroot/uber/protected/views/layouts/main.php:51)
Stack trace:
#0 /data/wwwroot/yii/framework/web/CBaseController.php(95): SiteController->renderInternal()
#1 /data/wwwroot/yii/framework/web/widgets/CContentDecorator.php(76): SiteController->renderFile()
#2 /data/wwwroot/yii/framework/web/widgets/CContentDecorator.php(54): CContentDecorator->decorate()
#3 /data/wwwroot/yii/framework/web/widgets/COutputProcessor.php(44): CContentDecorator->processOutput()
#4 /data/wwwroot/yii/framework/web/CBaseController.php(214): CContentDecorator->run()
#5 /data/wwwroot/yii/framework/web/CBaseController.php(308): SiteController->endWidget()
#6 /data/wwwroot/uber/protected/views/layouts/column1.php(6): SiteController->endContent()
#7 /data/wwwroot/yii/framework/web/CBaseController.php(126): require()
#8 /data/wwwroot/yii/framework/web/CBaseController.php(95): SiteController->renderInternal()
#9 /data/wwwroot/yii/framework/web/CController.php(784): SiteController->renderFile()
#10 /data/wwwroot/uber/protected/controllers/SiteController.php(32): SiteController->render()
#11 /data/wwwroot/yii/framework/web/actions/CInlineAction.php(49): SiteController->actionIndex()
#12 /data/wwwroot/yii/framework/web/CController.php(308): CInlineAction->runWithParams()
#13 /data/wwwroot/yii/framework/web/CController.php(286): SiteController->runAction()
#14 /data/wwwroot/yii/framework/web/CController.php(265): SiteController->runActionWithFilters()
#15 /data/wwwroot/yii/framework/web/CWebApplication.php(282): SiteController->run()
#16 /data/wwwroot/yii/framework/web/CWebApplication.php(141): CWebApplication->runController()
#17 /data/wwwroot/yii/framework/base/CApplication.php(185): CWebApplication->processRequest()
#18 /data/wwwroot/uber/index.php(13): CWebApplication->run()
REQUEST_URI=/
in /data/wwwroot/uber/protected/views/layouts/main.php (51)
in /data/wwwroot/uber/protected/views/layouts/column1.php (6)
in /data/wwwroot/uber/protected/controllers/SiteController.php (32)
2016/01/16 16:07:29 [error] [php] date(): It is not safe to rely on the system's timezone settings. You are *required* to use the date.timezone setting or the date_default_timezone_set() function. In case you used any of those methods and you are still getting this warning, you most likely misspelled the timezone identifier. We selected 'Asia/Chongqing' for 'CST/8.0/no DST' instead (/data/wwwroot/uber/protected/views/layouts/main.php:51)
Stack trace:
#0 /data/wwwroot/yii/framework/web/CBaseController.php(95): SiteController->renderInternal()
#1 /data/wwwroot/yii/framework/web/widgets/CContentDecorator.php(76): SiteController->renderFile()
#2 /data/wwwroot/yii/framework/web/widgets/CContentDecorator.php(54): CContentDecorator->decorate()
#3 /data/wwwroot/yii/framework/web/widgets/COutputProcessor.php(44): CContentDecorator->processOutput()
#4 /data/wwwroot/yii/framework/web/CBaseController.php(214): CContentDecorator->run()
#5 /data/wwwroot/yii/framework/web/CBaseController.php(308): SiteController->endWidget()
#6 /data/wwwroot/uber/protected/views/layouts/column1.php(6): SiteController->endContent()
#7 /data/wwwroot/yii/framework/web/CBaseController.php(126): require()
#8 /data/wwwroot/yii/framework/web/CBaseController.php(95): SiteController->renderInternal()
#9 /data/wwwroot/yii/framework/web/CController.php(784): SiteController->renderFile()
#10 /data/wwwroot/uber/protected/controllers/SiteController.php(32): SiteController->render()
#11 /data/wwwroot/yii/framework/web/actions/CInlineAction.php(49): SiteController->actionIndex()
#12 /data/wwwroot/yii/framework/web/CController.php(308): CInlineAction->runWithParams()
#13 /data/wwwroot/yii/framework/web/CController.php(286): SiteController->runAction()
#14 /data/wwwroot/yii/framework/web/CController.php(265): SiteController->runActionWithFilters()
#15 /data/wwwroot/yii/framework/web/CWebApplication.php(282): SiteController->run()
#16 /data/wwwroot/yii/framework/web/CWebApplication.php(141): CWebApplication->runController()
#17 /data/wwwroot/yii/framework/base/CApplication.php(185): CWebApplication->processRequest()
#18 /data/wwwroot/uber/index.php(13): CWebApplication->run()
REQUEST_URI=/
in /data/wwwroot/uber/protected/views/layouts/main.php (51)
in /data/wwwroot/uber/protected/views/layouts/column1.php (6)
in /data/wwwroot/uber/protected/controllers/SiteController.php (32)
2016/01/16 16:07:29 [error] [php] date(): It is not safe to rely on the system's timezone settings. You are *required* to use the date.timezone setting or the date_default_timezone_set() function. In case you used any of those methods and you are still getting this warning, you most likely misspelled the timezone identifier. We selected 'Asia/Chongqing' for 'CST/8.0/no DST' instead (/data/wwwroot/uber/protected/views/layouts/main.php:51)
Stack trace:
#0 /data/wwwroot/yii/framework/web/CBaseController.php(95): SiteController->renderInternal()
#1 /data/wwwroot/yii/framework/web/widgets/CContentDecorator.php(76): SiteController->renderFile()
#2 /data/wwwroot/yii/framework/web/widgets/CContentDecorator.php(54): CContentDecorator->decorate()
#3 /data/wwwroot/yii/framework/web/widgets/COutputProcessor.php(44): CContentDecorator->processOutput()
#4 /data/wwwroot/yii/framework/web/CBaseController.php(214): CContentDecorator->run()
#5 /data/wwwroot/yii/framework/web/CBaseController.php(308): SiteController->endWidget()
#6 /data/wwwroot/uber/protected/views/layouts/column1.php(6): SiteController->endContent()
#7 /data/wwwroot/yii/framework/web/CBaseController.php(126): require()
#8 /data/wwwroot/yii/framework/web/CBaseController.php(95): SiteController->renderInternal()
#9 /data/wwwroot/yii/framework/web/CController.php(784): SiteController->renderFile()
#10 /data/wwwroot/uber/protected/controllers/SiteController.php(32): SiteController->render()
#11 /data/wwwroot/yii/framework/web/actions/CInlineAction.php(49): SiteController->actionIndex()
#12 /data/wwwroot/yii/framework/web/CController.php(308): CInlineAction->runWithParams()
#13 /data/wwwroot/yii/framework/web/CController.php(286): SiteController->runAction()
#14 /data/wwwroot/yii/framework/web/CController.php(265): SiteController->runActionWithFilters()
#15 /data/wwwroot/yii/framework/web/CWebApplication.php(282): SiteController->run()
#16 /data/wwwroot/yii/framework/web/CWebApplication.php(141): CWebApplication->runController()
#17 /data/wwwroot/yii/framework/base/CApplication.php(185): CWebApplication->processRequest()
#18 /data/wwwroot/uber/index.php(13): CWebApplication->run()
REQUEST_URI=/
in /data/wwwroot/uber/protected/views/layouts/main.php (51)
in /data/wwwroot/uber/protected/views/layouts/column1.php (6)
in /data/wwwroot/uber/protected/controllers/SiteController.php (32)
2016/01/16 16:07:30 [error] [php] date(): It is not safe to rely on the system's timezone settings. You are *required* to use the date.timezone setting or the date_default_timezone_set() function. In case you used any of those methods and you are still getting this warning, you most likely misspelled the timezone identifier. We selected 'Asia/Chongqing' for 'CST/8.0/no DST' instead (/data/wwwroot/uber/protected/views/layouts/main.php:51)
Stack trace:
#0 /data/wwwroot/yii/framework/web/CBaseController.php(95): SiteController->renderInternal()
#1 /data/wwwroot/yii/framework/web/widgets/CContentDecorator.php(76): SiteController->renderFile()
#2 /data/wwwroot/yii/framework/web/widgets/CContentDecorator.php(54): CContentDecorator->decorate()
#3 /data/wwwroot/yii/framework/web/widgets/COutputProcessor.php(44): CContentDecorator->processOutput()
#4 /data/wwwroot/yii/framework/web/CBaseController.php(214): CContentDecorator->run()
#5 /data/wwwroot/yii/framework/web/CBaseController.php(308): SiteController->endWidget()
#6 /data/wwwroot/uber/protected/views/layouts/column1.php(6): SiteController->endContent()
#7 /data/wwwroot/yii/framework/web/CBaseController.php(126): require()
#8 /data/wwwroot/yii/framework/web/CBaseController.php(95): SiteController->renderInternal()
#9 /data/wwwroot/yii/framework/web/CController.php(784): SiteController->renderFile()
#10 /data/wwwroot/uber/protected/controllers/SiteController.php(32): SiteController->render()
#11 /data/wwwroot/yii/framework/web/actions/CInlineAction.php(49): SiteController->actionIndex()
#12 /data/wwwroot/yii/framework/web/CController.php(308): CInlineAction->runWithParams()
#13 /data/wwwroot/yii/framework/web/CController.php(286): SiteController->runAction()
#14 /data/wwwroot/yii/framework/web/CController.php(265): SiteController->runActionWithFilters()
#15 /data/wwwroot/yii/framework/web/CWebApplication.php(282): SiteController->run()
#16 /data/wwwroot/yii/framework/web/CWebApplication.php(141): CWebApplication->runController()
#17 /data/wwwroot/yii/framework/base/CApplication.php(185): CWebApplication->processRequest()
#18 /data/wwwroot/uber/index.php(13): CWebApplication->run()
REQUEST_URI=/
in /data/wwwroot/uber/protected/views/layouts/main.php (51)
in /data/wwwroot/uber/protected/views/layouts/column1.php (6)
in /data/wwwroot/uber/protected/controllers/SiteController.php (32)
